<?xml version="1.0" encoding="UTF-8"?>
<testng-results ignored="0" total="2" passed="2" failed="0" skipped="0">
  <reporter-output>
  </reporter-output>
  <suite started-at="2024-12-19T10:20:22 IST" name="Default suite" finished-at="2024-12-19T10:20:40 IST" duration-ms="18163">
    <groups>
    </groups>
    <test started-at="2024-12-19T10:20:22 IST" name="Default test" finished-at="2024-12-19T10:20:40 IST" duration-ms="18163">
      <class name="testscripts.Assertion">
        <test-method is-config="true" signature="initializeBrower()[pri:0, instance:testscripts.Assertion@563f38c4]" started-at="2024-12-19T10:20:22 IST" name="initializeBrower" finished-at="2024-12-19T10:20:32 IST" duration-ms="9280" status="PASS">
          <reporter-output>
          </reporter-output>
        </test-method> <!-- initializeBrower -->
        <test-method signature="verifySoftAssert()[pri:0, instance:testscripts.Assertion@563f38c4]" started-at="2024-12-19T10:20:32 IST" name="verifySoftAssert" finished-at="2024-12-19T10:20:32 IST" duration-ms="743" status="PASS">
          <reporter-output>
          </reporter-output>
        </test-method> <!-- verifySoftAssert -->
        <test-method is-config="true" signature="driverQuit()[pri:0, instance:testscripts.Assertion@563f38c4]" started-at="2024-12-19T10:20:33 IST" name="driverQuit" finished-at="2024-12-19T10:20:33 IST" duration-ms="443" status="PASS">
          <reporter-output>
          </reporter-output>
        </test-method> <!-- driverQuit -->
        <test-method is-config="true" signature="initializeBrower()[pri:0, instance:testscripts.Assertion@563f38c4]" started-at="2024-12-19T10:20:33 IST" name="initializeBrower" finished-at="2024-12-19T10:20:38 IST" duration-ms="5142" status="PASS">
          <reporter-output>
          </reporter-output>
        </test-method> <!-- initializeBrower -->
        <test-method signature="vertfySingleInputField()[pri:0, instance:testscripts.Assertion@563f38c4]" started-at="2024-12-19T10:20:38 IST" name="vertfySingleInputField" finished-at="2024-12-19T10:20:40 IST" duration-ms="1675" status="PASS">
          <reporter-output>
          </reporter-output>
        </test-method> <!-- vertfySingleInputField -->
        <test-method is-config="true" signature="driverQuit()[pri:0, instance:testscripts.Assertion@563f38c4]" started-at="2024-12-19T10:20:40 IST" name="driverQuit" finished-at="2024-12-19T10:20:40 IST" duration-ms="438" status="PASS">
          <reporter-output>
          </reporter-output>
        </test-method> <!-- driverQuit -->
      </class> <!-- testscripts.Assertion -->
    </test> <!-- Default test -->
  </suite> <!-- Default suite -->
</testng-results>
