<?xml version="1.0" encoding="UTF-8"?>
<!-- Generated by org.testng.reporters.JUnitXMLReporter -->
<testsuite ignored="4" hostname="DESKTOP-PMHNFDC" failures="0" tests="1" name="myTest" time="0.118" errors="0" timestamp="2024-12-18T10:17:18 IST">
  <testcase classname="testng.BasicTestCase" name="testeCase05" time="0.019"/>
  <testcase classname="testng.BasicTestCase" name="testeCase04" time="0.0">
    <ignored/>
  </testcase> <!-- testeCase04 -->
  <testcase classname="testng.BasicTestCase" name="testeCase03" time="0.0">
    <ignored/>
  </testcase> <!-- testeCase03 -->
  <testcase classname="testng.BasicTestCase" name="testeCase02" time="0.0">
    <ignored/>
  </testcase> <!-- testeCase02 -->
  <testcase classname="testng.BasicTestCase" name="testeCase01" time="0.0">
    <ignored/>
  </testcase> <!-- testeCase01 -->
</testsuite> <!-- myTest -->
