<?xml version="1.0" encoding="UTF-8"?>
<!-- Generated by org.testng.reporters.JUnitXMLReporter -->
<testsuite ignored="3" hostname="DESKTOP-PMHNFDC" failures="0" tests="2" name="myTest" time="1.408" errors="0" timestamp="2024-12-18T10:54:55 IST">
  <testcase classname="testng.BasicTestCase" name="testeCase04" time="0.266"/>
  <testcase classname="testng.BasicTestCase" name="testeCase05" time="0.027"/>
  <testcase classname="testng.BasicTestCase" name="testeCase01" time="0.0">
    <ignored/>
  </testcase> <!-- testeCase01 -->
  <testcase classname="testng.BasicTestCase" name="testeCase02" time="0.0">
    <ignored/>
  </testcase> <!-- testeCase02 -->
  <testcase classname="testng.BasicTestCase" name="testeCase03" time="0.0">
    <ignored/>
  </testcase> <!-- testeCase03 -->
</testsuite> <!-- myTest -->
